<?xml version="1.0" encoding="UTF-8"?>
<!-- Generated by org.testng.reporters.JUnitReportReporter -->
<testsuite hostname="RASHED" failures="0" tests="1" name="testngsessions.TestNgBasics" time="0.004" errors="0" timestamp="2023-07-10T13:37:04 CDT" skipped="0">
  <testcase classname="testngsessions.TestNgBasics" name="searchTest" time="0.004"/>
</testsuite> <!-- testngsessions.TestNgBasics -->
