<?xml version="1.0" encoding="UTF-8"?>
<!-- Generated by org.testng.reporters.JUnitReportReporter -->
<testsuite hostname="RASHED" failures="0" tests="1" name="testngsessions.ExpectedExceptionConcept" time="0.006" errors="0" timestamp="2023-07-10T13:20:35 CDT" skipped="0">
  <testcase classname="testngsessions.ExpectedExceptionConcept" name="searchTest" time="0.006"/>
</testsuite> <!-- testngsessions.ExpectedExceptionConcept -->
