<?xml version="1.0" encoding="UTF-8"?>
<!-- Generated by org.testng.reporters.JUnitReportReporter -->
<testsuite hostname="RASHED" failures="0" tests="2" name="mytest.OpencartTest" time="2.472" errors="0" timestamp="2023-07-11T17:24:47 CDT" skipped="0">
  <testcase classname="mytest.OpencartTest" name="TitleTest" time="2.466"/>
  <testcase classname="mytest.OpencartTest" name="URLTest" time="0.006"/>
</testsuite> <!-- mytest.OpencartTest -->
