<?xml version="1.0" encoding="UTF-8"?>
<!-- Generated by org.testng.reporters.JUnitReportReporter -->
<testsuite hostname="RASHED" failures="0" tests="3" name="testngsessions.PriorityTest" time="0.007" errors="0" timestamp="2023-07-10T12:34:54 CDT" skipped="0">
  <testcase classname="testngsessions.PriorityTest" name="searchTest" time="0.005"/>
  <testcase classname="testngsessions.PriorityTest" name="cartTest" time="0.001"/>
  <testcase classname="testngsessions.PriorityTest" name="orderTest" time="0.001"/>
</testsuite> <!-- testngsessions.PriorityTest -->
