<?xml version="1.0" encoding="UTF-8"?>
<!-- Generated by org.testng.reporters.JUnitReportReporter -->
<testsuite hostname="RASHED" failures="0" tests="5" name="mytest.SearchTest" time="3.234" errors="0" timestamp="2023-07-15T11:07:21 CDT" skipped="0">
  <testcase classname="mytest.SearchTest" name="searchTest" time="0.662"/>
  <testcase classname="mytest.SearchTest" name="searchTest" time="0.707"/>
  <testcase classname="mytest.SearchTest" name="searchTest" time="0.745"/>
  <testcase classname="mytest.SearchTest" name="searchTest" time="0.456"/>
  <testcase classname="mytest.SearchTest" name="searchTest" time="0.664"/>
</testsuite> <!-- mytest.SearchTest -->
