<?xml version="1.0" encoding="UTF-8"?>
<!-- Generated by org.testng.reporters.JUnitReportReporter -->
<testsuite hostname="RASHED" failures="0" tests="3" name="mytest.GoogleTesting" time="9.084" errors="0" timestamp="2023-07-11T14:51:55 CDT" skipped="0">
  <testcase classname="mytest.GoogleTesting" name="googleTitleTest" time="1.995"/>
  <testcase classname="mytest.GoogleTesting" name="googleURLTest" time="1.868"/>
  <testcase classname="mytest.GoogleTesting" name="googleSearchTest" time="5.221"/>
</testsuite> <!-- mytest.GoogleTesting -->
