<?xml version="1.0" encoding="UTF-8"?>
<!-- Generated by org.testng.reporters.JUnitReportReporter -->
<testsuite hostname="RASHED" failures="0" tests="3" name="mytest.DependsOnMethodConcept" time="0.009" errors="0" timestamp="2023-07-11T15:12:17 CDT" skipped="0">
  <testcase classname="mytest.DependsOnMethodConcept" name="loginTest" time="0.007"/>
  <testcase classname="mytest.DependsOnMethodConcept" name="appSearchTest" time="0.001"/>
  <testcase classname="mytest.DependsOnMethodConcept" name="selectProductTest" time="0.001"/>
</testsuite> <!-- mytest.DependsOnMethodConcept -->
